21:56:11: Creating resource group General
21:56:11: Creating resource group Internal
21:56:11: Creating resource group Autodetect
21:56:11: Registering ResourceManager for type Mesh
21:56:11: Registering ResourceManager for type Material
21:56:11: Registering ResourceManager for type Skeleton
21:56:11: XMLMeshSerializer reading mesh data from C:\Editing\Clonk\OpenClonk_Development\Shire.ocs\Objects.ocd\CyclopsHead.ocd\Graphics.mesh.xml...
21:56:11: Reading geometry...
21:56:11: Geometry done...
21:56:11: Reading submeshes...
21:56:11: Submeshes done.
21:56:11: Skeleton: Loading CyclopsHead.skeleton
21:56:11: OGRE EXCEPTION(6:FileNotFoundException): Cannot locate resource CyclopsHead.skeleton in resource group General or any other group. in ResourceGroupManager::openResource at ..\..\..\..\OgreMain\src\OgreResourceGroupManager.cpp (line 753)
21:56:11: Unable to load skeleton CyclopsHead.skeleton for Mesh conversion. This Mesh will not be animated. You can ignore this message if you are using an offline tool.
21:56:11: Reading bone assignments...
21:56:11: Bone assignments done.
21:56:11: Reading mesh names...
21:56:11: Mesh names done.
21:56:11: XMLMeshSerializer import successful.
21:56:11: Reorganising vertex buffers to automatic layout..
21:56:12: MeshSerializer writing mesh data to C:\Editing\Clonk\OpenClonk_Development\Shire.ocs\Objects.ocd\CyclopsHead.ocd\Graphics.mesh...
21:56:12: File header written.
21:56:12: Writing mesh data...
21:56:12: Writing submesh...
21:56:12: Exporting submesh texture aliases...
21:56:12: Submesh texture aliases exported.
21:56:12: Submesh exported.
21:56:12: Exporting skeleton link...
21:56:12: Skeleton link exported.
21:56:12: Exporting shared geometry bone assignments...
21:56:12: Shared geometry bone assignments exported.
21:56:12: Exporting bounds information....
21:56:12: Bounds information exported.
21:56:12: Exporting submesh name table...
21:56:12: Submesh name table exported.
21:56:12: Exporting edge lists...
21:56:12: Edge lists exported
21:56:12: Mesh data exported.
21:56:12: MeshSerializer export successful.
21:56:12: Unregistering ResourceManager for type Skeleton
21:56:12: Unregistering ResourceManager for type Material
21:56:12: Unregistering ResourceManager for type Mesh
